  main.cpp
c:\program files\wt 4.0.5 msvs2017 x64\include\wt\core\observable.hpp(135): warning C4251: 'Wt::Core::observable::observerInfo_': class 'std::unique_ptr<Wt::Core::Impl::observer_info,std::default_delete<_Ty>>' needs to have dll-interface to be used by clients of class 'Wt::Core::observable'
          with
          [
              _Ty=Wt::Core::Impl::observer_info
          ]
  c:\program files\wt 4.0.5 msvs2017 x64\include\wt\core\observable.hpp(135): note: see declaration of 'std::unique_ptr<Wt::Core::Impl::observer_info,std::default_delete<_Ty>>'
          with
          [
              _Ty=Wt::Core::Impl::observer_info
          ]
c:\program files\wt 4.0.5 msvs2017 x64\include\wt\wstring.h(743): warning C4251: 'Wt::WString::utf8_': class 'std::basic_string<char,std::char_traits<char>,std::allocator<char>>' needs to have dll-interface to be used by clients of class 'Wt::WString'
  c:\program files (x86)\microsoft visual studio\2019\community\vc\tools\msvc\14.16.27023\include\xstring(4373): note: see declaration of 'std::basic_string<char,std::char_traits<char>,std::allocator<char>>'
c:\program files\wt 4.0.5 msvs2017 x64\include\wt\wstring.h(757): warning C4251: 'Wt::WString::stArguments_': class 'std::vector<Wt::WString,std::allocator<_Ty>>' needs to have dll-interface to be used by clients of class 'Wt::WString'
          with
          [
              _Ty=Wt::WString
          ]
  c:\program files\wt 4.0.5 msvs2017 x64\include\wt\wstring.h(703): note: see declaration of 'std::vector<Wt::WString,std::allocator<_Ty>>'
          with
          [
              _Ty=Wt::WString
          ]
c:\program files\wt 4.0.5 msvs2017 x64\include\wt\wstringstream.h(206): warning C4251: 'Wt::WStringStream::bufs_': class 'std::vector<std::pair<char *,int>,std::allocator<_Ty>>' needs to have dll-interface to be used by clients of class 'Wt::WStringStream'
          with
          [
              _Ty=std::pair<char *,int>
          ]
  c:\program files\wt 4.0.5 msvs2017 x64\include\wt\wstringstream.h(206): note: see declaration of 'std::vector<std::pair<char *,int>,std::allocator<_Ty>>'
          with
          [
              _Ty=std::pair<char *,int>
          ]
c:\program files\wt 4.0.5 msvs2017 x64\include\wt\http\message.h(70): warning C4251: 'Wt::Http::Message::Header::name_': class 'std::basic_string<char,std::char_traits<char>,std::allocator<char>>' needs to have dll-interface to be used by clients of class 'Wt::Http::Message::Header'
  c:\program files (x86)\microsoft visual studio\2019\community\vc\tools\msvc\14.16.27023\include\xstring(4373): note: see declaration of 'std::basic_string<char,std::char_traits<char>,std::allocator<char>>'
c:\program files\wt 4.0.5 msvs2017 x64\include\wt\http\message.h(70): warning C4251: 'Wt::Http::Message::Header::value_': class 'std::basic_string<char,std::char_traits<char>,std::allocator<char>>' needs to have dll-interface to be used by clients of class 'Wt::Http::Message::Header'
  c:\program files (x86)\microsoft visual studio\2019\community\vc\tools\msvc\14.16.27023\include\xstring(4373): note: see declaration of 'std::basic_string<char,std::char_traits<char>,std::allocator<char>>'
c:\program files\wt 4.0.5 msvs2017 x64\include\wt\http\message.h(148): warning C4251: 'Wt::Http::Message::headers_': class 'std::vector<Wt::Http::Message::Header,std::allocator<_Ty>>' needs to have dll-interface to be used by clients of class 'Wt::Http::Message'
          with
          [
              _Ty=Wt::Http::Message::Header
          ]
  c:\program files\wt 4.0.5 msvs2017 x64\include\wt\http\message.h(85): note: see declaration of 'std::vector<Wt::Http::Message::Header,std::allocator<_Ty>>'
          with
          [
              _Ty=Wt::Http::Message::Header
          ]
c:\program files\wt 4.0.5 msvs2017 x64\include\wt\http\request.h(87): warning C4251: 'Wt::Http::UploadedFile::fileInfo_': class 'std::shared_ptr<Wt::Http::UploadedFile::Impl>' needs to have dll-interface to be used by clients of class 'Wt::Http::UploadedFile'
  c:\program files\wt 4.0.5 msvs2017 x64\include\wt\http\request.h(87): note: see declaration of 'std::shared_ptr<Wt::Http::UploadedFile::Impl>'
c:\program files\wt 4.0.5 msvs2017 x64\include\wt\http\request.h(160): warning C4251: 'std::_Vector_alloc<std::_Vec_base_types<_Ty,_Alloc>>::_Mypair': class 'std::_Compressed_pair<std::allocator<_Ty>,std::_Vector_val<std::_Simple_types<_Ty>>,true>' needs to have dll-interface to be used by clients of class 'std::_Vector_alloc<std::_Vec_base_types<_Ty,_Alloc>>'
          with
          [
              _Ty=Wt::Http::Request::ByteRange,
              _Alloc=std::allocator<Wt::Http::Request::ByteRange>
          ]
          and
          [
              _Ty=Wt::Http::Request::ByteRange
          ]
          and
          [
              _Ty=Wt::Http::Request::ByteRange,
              _Alloc=std::allocator<Wt::Http::Request::ByteRange>
          ]
  c:\program files (x86)\microsoft visual studio\2019\community\vc\tools\msvc\14.16.27023\include\vector(605): note: see declaration of 'std::_Compressed_pair<std::allocator<_Ty>,std::_Vector_val<std::_Simple_types<_Ty>>,true>'
          with
          [
              _Ty=Wt::Http::Request::ByteRange
          ]
c:\program files\wt 4.0.5 msvs2017 x64\include\wt\http\request.h(451): warning C4251: 'Wt::Http::Request::cookies_': class 'std::map<std::string,std::string,std::less<_Kty>,std::allocator<std::pair<const _Kty,_Ty>>>' needs to have dll-interface to be used by clients of class 'Wt::Http::Request'
          with
          [
              _Kty=std::string,
              _Ty=std::string
          ]
  c:\program files\wt 4.0.5 msvs2017 x64\include\wt\http\request.h(193): note: see declaration of 'std::map<std::string,std::string,std::less<_Kty>,std::allocator<std::pair<const _Kty,_Ty>>>'
          with
          [
              _Kty=std::string,
              _Ty=std::string
          ]
c:\program files\wt 4.0.5 msvs2017 x64\include\wt\wobject.h(311): warning C4251: 'Wt::WObject::statelessSlots_': class 'std::vector<std::unique_ptr<Wt::WStatelessSlot,std::default_delete<_Ty>>,std::allocator<std::unique_ptr<_Ty,std::default_delete<_Ty>>>>' needs to have dll-interface to be used by clients of class 'Wt::WObject'
          with
          [
              _Ty=Wt::WStatelessSlot
          ]
  c:\program files\wt 4.0.5 msvs2017 x64\include\wt\wobject.h(311): note: see declaration of 'std::vector<std::unique_ptr<Wt::WStatelessSlot,std::default_delete<_Ty>>,std::allocator<std::unique_ptr<_Ty,std::default_delete<_Ty>>>>'
          with
          [
              _Ty=Wt::WStatelessSlot
          ]
c:\program files\wt 4.0.5 msvs2017 x64\include\wt\wobject.h(312): warning C4251: 'Wt::WObject::children_': class 'std::vector<std::unique_ptr<Wt::WObject,std::default_delete<_Ty>>,std::allocator<std::unique_ptr<_Ty,std::default_delete<_Ty>>>>' needs to have dll-interface to be used by clients of class 'Wt::WObject'
          with
          [
              _Ty=Wt::WObject
          ]
  c:\program files\wt 4.0.5 msvs2017 x64\include\wt\wobject.h(312): note: see declaration of 'std::vector<std::unique_ptr<Wt::WObject,std::default_delete<_Ty>>,std::allocator<std::unique_ptr<_Ty,std::default_delete<_Ty>>>>'
          with
          [
              _Ty=Wt::WObject
          ]
c:\program files\wt 4.0.5 msvs2017 x64\include\wt\wobject.h(315): warning C4251: 'Wt::WObject::name_': class 'std::basic_string<char,std::char_traits<char>,std::allocator<char>>' needs to have dll-interface to be used by clients of class 'Wt::WObject'
  c:\program files (x86)\microsoft visual studio\2019\community\vc\tools\msvc\14.16.27023\include\xstring(4373): note: see declaration of 'std::basic_string<char,std::char_traits<char>,std::allocator<char>>'
c:\program files\wt 4.0.5 msvs2017 x64\include\wt\wanimation.h(179): warning C4251: 'Wt::WAnimation::effects_': class 'Wt::WFlags<Wt::AnimationEffect>' needs to have dll-interface to be used by clients of class 'Wt::WAnimation'
  c:\program files\wt 4.0.5 msvs2017 x64\include\wt\wanimation.h(80): note: see declaration of 'Wt::WFlags<Wt::AnimationEffect>'
c:\program files\wt 4.0.5 msvs2017 x64\include\wt\signals\signals.hpp(47): warning C4251: 'Wt::Signals::Impl::SignalLinkBase::obj_': class 'Wt::Core::observing_ptr<const Wt::Core::observable>' needs to have dll-interface to be used by clients of class 'Wt::Signals::Impl::SignalLinkBase'
  c:\program files\wt 4.0.5 msvs2017 x64\include\wt\signals\signals.hpp(47): note: see declaration of 'Wt::Core::observing_ptr<const Wt::Core::observable>'
c:\program files\wt 4.0.5 msvs2017 x64\include\wt\wsignal.h(489): warning C4251: 'Wt::EventSignalBase::connections_': class 'std::vector<Wt::EventSignalBase::StatelessConnection,std::allocator<_Ty>>' needs to have dll-interface to be used by clients of class 'Wt::EventSignalBase'
          with
          [
              _Ty=Wt::EventSignalBase::StatelessConnection
          ]
  c:\program files\wt 4.0.5 msvs2017 x64\include\wt\wsignal.h(489): note: see declaration of 'std::vector<Wt::EventSignalBase::StatelessConnection,std::allocator<_Ty>>'
          with
          [
              _Ty=Wt::EventSignalBase::StatelessConnection
          ]
c:\program files\wt 4.0.5 msvs2017 x64\include\wt\wsignal.h(490): warning C4251: 'Wt::EventSignalBase::flags_': class 'std::bitset<7>' needs to have dll-interface to be used by clients of class 'Wt::EventSignalBase'
  c:\program files\wt 4.0.5 msvs2017 x64\include\wt\wsignal.h(490): note: see declaration of 'std::bitset<7>'
c:\program files\wt 4.0.5 msvs2017 x64\include\wt\wsignal.h(497): warning C4251: 'Wt::EventSignalBase::dummy_': struct 'Wt::Signals::Signal<>' needs to have dll-interface to be used by clients of class 'Wt::EventSignalBase'
  c:\program files\wt 4.0.5 msvs2017 x64\include\wt\wsignal.h(497): note: see declaration of 'Wt::Signals::Signal<>'
c:\program files\wt 4.0.5 msvs2017 x64\include\wt\wevent.h(93): warning C4251: 'Wt::JavaScriptEvent::modifiers': class 'Wt::WFlags<Wt::KeyboardModifier>' needs to have dll-interface to be used by clients of class 'Wt::JavaScriptEvent'
  c:\program files\wt 4.0.5 msvs2017 x64\include\wt\wglobal.h(788): note: see declaration of 'Wt::WFlags<Wt::KeyboardModifier>'
c:\program files\wt 4.0.5 msvs2017 x64\include\wt\wevent.h(96): warning C4251: 'Wt::JavaScriptEvent::touches': class 'std::vector<Wt::Touch,std::allocator<_Ty>>' needs to have dll-interface to be used by clients of class 'Wt::JavaScriptEvent'
          with
          [
              _Ty=Wt::Touch
          ]
  c:\program files\wt 4.0.5 msvs2017 x64\include\wt\wevent.h(96): note: see declaration of 'std::vector<Wt::Touch,std::allocator<_Ty>>'
          with
          [
              _Ty=Wt::Touch
          ]
c:\program files\wt 4.0.5 msvs2017 x64\include\wt\wevent.h(96): warning C4251: 'Wt::JavaScriptEvent::targetTouches': class 'std::vector<Wt::Touch,std::allocator<_Ty>>' needs to have dll-interface to be used by clients of class 'Wt::JavaScriptEvent'
          with
          [
              _Ty=Wt::Touch
          ]
  c:\program files\wt 4.0.5 msvs2017 x64\include\wt\wevent.h(96): note: see declaration of 'std::vector<Wt::Touch,std::allocator<_Ty>>'
          with
          [
              _Ty=Wt::Touch
          ]
c:\program files\wt 4.0.5 msvs2017 x64\include\wt\wevent.h(96): warning C4251: 'Wt::JavaScriptEvent::changedTouches': class 'std::vector<Wt::Touch,std::allocator<_Ty>>' needs to have dll-interface to be used by clients of class 'Wt::JavaScriptEvent'
          with
          [
              _Ty=Wt::Touch
          ]
  c:\program files\wt 4.0.5 msvs2017 x64\include\wt\wevent.h(96): note: see declaration of 'std::vector<Wt::Touch,std::allocator<_Ty>>'
          with
          [
              _Ty=Wt::Touch
          ]
c:\program files\wt 4.0.5 msvs2017 x64\include\wt\wevent.h(105): warning C4251: 'Wt::JavaScriptEvent::type': class 'std::basic_string<char,std::char_traits<char>,std::allocator<char>>' needs to have dll-interface to be used by clients of class 'Wt::JavaScriptEvent'
  c:\program files (x86)\microsoft visual studio\2019\community\vc\tools\msvc\14.16.27023\include\xstring(4373): note: see declaration of 'std::basic_string<char,std::char_traits<char>,std::allocator<char>>'
c:\program files\wt 4.0.5 msvs2017 x64\include\wt\wevent.h(108): warning C4251: 'Wt::JavaScriptEvent::tid': class 'std::basic_string<char,std::char_traits<char>,std::allocator<char>>' needs to have dll-interface to be used by clients of class 'Wt::JavaScriptEvent'
  c:\program files (x86)\microsoft visual studio\2019\community\vc\tools\msvc\14.16.27023\include\xstring(4373): note: see declaration of 'std::basic_string<char,std::char_traits<char>,std::allocator<char>>'
c:\program files\wt 4.0.5 msvs2017 x64\include\wt\wevent.h(110): warning C4251: 'Wt::JavaScriptEvent::response': class 'std::basic_string<char,std::char_traits<char>,std::allocator<char>>' needs to have dll-interface to be used by clients of class 'Wt::JavaScriptEvent'
  c:\program files (x86)\microsoft visual studio\2019\community\vc\tools\msvc\14.16.27023\include\xstring(4373): note: see declaration of 'std::basic_string<char,std::char_traits<char>,std::allocator<char>>'
c:\program files\wt 4.0.5 msvs2017 x64\include\wt\wevent.h(112): warning C4251: 'Wt::JavaScriptEvent::userEventArgs': class 'std::vector<std::string,std::allocator<_Ty>>' needs to have dll-interface to be used by clients of class 'Wt::JavaScriptEvent'
          with
          [
              _Ty=std::string
          ]
  c:\program files\wt 4.0.5 msvs2017 x64\include\wt\http\request.h(96): note: see declaration of 'std::vector<std::string,std::allocator<_Ty>>'
          with
          [
              _Ty=std::string
          ]
c:\program files\wt 4.0.5 msvs2017 x64\include\wt\wevent.h(410): warning C4251: 'Wt::WDropEvent::dropMimeType_': class 'std::basic_string<char,std::char_traits<char>,std::allocator<char>>' needs to have dll-interface to be used by clients of class 'Wt::WDropEvent'
  c:\program files (x86)\microsoft visual studio\2019\community\vc\tools\msvc\14.16.27023\include\xstring(4373): note: see declaration of 'std::basic_string<char,std::char_traits<char>,std::allocator<char>>'
c:\program files\wt 4.0.5 msvs2017 x64\include\wt\wevent.h(411): warning C4251: 'Wt::WDropEvent::mouseEvent_': class 'std::unique_ptr<const Wt::WMouseEvent,std::default_delete<_Ty>>' needs to have dll-interface to be used by clients of class 'Wt::WDropEvent'
          with
          [
              _Ty=const Wt::WMouseEvent
          ]
  c:\program files\wt 4.0.5 msvs2017 x64\include\wt\wevent.h(411): note: see declaration of 'std::unique_ptr<const Wt::WMouseEvent,std::default_delete<_Ty>>'
          with
          [
              _Ty=const Wt::WMouseEvent
          ]
c:\program files\wt 4.0.5 msvs2017 x64\include\wt\wevent.h(412): warning C4251: 'Wt::WDropEvent::touchEvent_': class 'std::unique_ptr<const Wt::WTouchEvent,std::default_delete<_Ty>>' needs to have dll-interface to be used by clients of class 'Wt::WDropEvent'
          with
          [
              _Ty=const Wt::WTouchEvent
          ]
  c:\program files\wt 4.0.5 msvs2017 x64\include\wt\wevent.h(412): note: see declaration of 'std::unique_ptr<const Wt::WTouchEvent,std::default_delete<_Ty>>'
          with
          [
              _Ty=const Wt::WTouchEvent
          ]
c:\program files\wt 4.0.5 msvs2017 x64\include\wt\wexception.h(21): warning C4275: non dll-interface class 'std::exception' used as base for dll-interface class 'Wt::WException'
  c:\program files (x86)\microsoft visual studio\2019\community\vc\tools\msvc\14.16.27023\include\vcruntime_exception.h(44): note: see declaration of 'std::exception'
  c:\program files\wt 4.0.5 msvs2017 x64\include\wt\wexception.h(20): note: see declaration of 'Wt::WException'
c:\program files\wt 4.0.5 msvs2017 x64\include\wt\wexception.h(44): warning C4251: 'Wt::WException::what_': class 'std::basic_string<char,std::char_traits<char>,std::allocator<char>>' needs to have dll-interface to be used by clients of class 'Wt::WException'
  c:\program files (x86)\microsoft visual studio\2019\community\vc\tools\msvc\14.16.27023\include\xstring(4373): note: see declaration of 'std::basic_string<char,std::char_traits<char>,std::allocator<char>>'
c:\program files\wt 4.0.5 msvs2017 x64\include\wt\wlogger.h(227): warning C4251: 'Wt::WLogger::fields_': class 'std::vector<Wt::WLogger::Field,std::allocator<_Ty>>' needs to have dll-interface to be used by clients of class 'Wt::WLogger'
          with
          [
              _Ty=Wt::WLogger::Field
          ]
  c:\program files\wt 4.0.5 msvs2017 x64\include\wt\wlogger.h(182): note: see declaration of 'std::vector<Wt::WLogger::Field,std::allocator<_Ty>>'
          with
          [
              _Ty=Wt::WLogger::Field
          ]
c:\program files\wt 4.0.5 msvs2017 x64\include\wt\wlogger.h(235): warning C4251: 'Wt::WLogger::rules_': class 'std::vector<Wt::WLogger::Rule,std::allocator<_Ty>>' needs to have dll-interface to be used by clients of class 'Wt::WLogger'
          with
          [
              _Ty=Wt::WLogger::Rule
          ]
  c:\program files\wt 4.0.5 msvs2017 x64\include\wt\wlogger.h(235): note: see declaration of 'std::vector<Wt::WLogger::Rule,std::allocator<_Ty>>'
          with
          [
              _Ty=Wt::WLogger::Rule
          ]
c:\program files\wt 4.0.5 msvs2017 x64\include\wt\wwidget.h(1327): warning C4251: 'Wt::WWidget::flags_': class 'std::bitset<7>' needs to have dll-interface to be used by clients of class 'Wt::WWidget'
  c:\program files\wt 4.0.5 msvs2017 x64\include\wt\wsignal.h(490): note: see declaration of 'std::bitset<7>'
c:\program files\wt 4.0.5 msvs2017 x64\include\wt\wwidget.h(1329): warning C4251: 'Wt::WWidget::eventSignals_': class 'std::list<Wt::EventSignalBase *,std::allocator<_Ty>>' needs to have dll-interface to be used by clients of class 'Wt::WWidget'
          with
          [
              _Ty=Wt::EventSignalBase *
          ]
  c:\program files\wt 4.0.5 msvs2017 x64\include\wt\wwidget.h(1293): note: see declaration of 'std::list<Wt::EventSignalBase *,std::allocator<_Ty>>'
          with
          [
              _Ty=Wt::EventSignalBase *
          ]
c:\program files\wt 4.0.5 msvs2017 x64\include\wt\wwidget.h(1330): warning C4251: 'Wt::WWidget::jsignals_': class 'std::vector<Wt::EventSignalBase *,std::allocator<_Ty>>' needs to have dll-interface to be used by clients of class 'Wt::WWidget'
          with
          [
              _Ty=Wt::EventSignalBase *
          ]
  c:\program files\wt 4.0.5 msvs2017 x64\include\wt\wwidget.h(1330): note: see declaration of 'std::vector<Wt::EventSignalBase *,std::allocator<_Ty>>'
          with
          [
              _Ty=Wt::EventSignalBase *
          ]
c:\program files\wt 4.0.5 msvs2017 x64\include\wt\wwebwidget.h(406): warning C4251: 'Wt::WWebWidget::elementTagName_': class 'std::basic_string<char,std::char_traits<char>,std::allocator<char>>' needs to have dll-interface to be used by clients of class 'Wt::WWebWidget'
  c:\program files (x86)\microsoft visual studio\2019\community\vc\tools\msvc\14.16.27023\include\xstring(4373): note: see declaration of 'std::basic_string<char,std::char_traits<char>,std::allocator<char>>'
c:\program files\wt 4.0.5 msvs2017 x64\include\wt\wwebwidget.h(409): warning C4251: 'Wt::WWebWidget::AllChangeFlags': class 'std::bitset<37>' needs to have dll-interface to be used by clients of class 'Wt::WWebWidget'
  c:\program files\wt 4.0.5 msvs2017 x64\include\wt\wwebwidget.h(409): note: see declaration of 'std::bitset<37>'
c:\program files\wt 4.0.5 msvs2017 x64\include\wt\wwebwidget.h(417): warning C4251: 'Wt::WWebWidget::flags_': class 'std::bitset<37>' needs to have dll-interface to be used by clients of class 'Wt::WWebWidget'
  c:\program files\wt 4.0.5 msvs2017 x64\include\wt\wwebwidget.h(409): note: see declaration of 'std::bitset<37>'
c:\program files\wt 4.0.5 msvs2017 x64\include\wt\wwebwidget.h(418): warning C4251: 'Wt::WWebWidget::width_': class 'std::unique_ptr<Wt::WLength,std::default_delete<_Ty>>' needs to have dll-interface to be used by clients of class 'Wt::WWebWidget'
          with
          [
              _Ty=Wt::WLength
          ]
  c:\program files\wt 4.0.5 msvs2017 x64\include\wt\wwebwidget.h(418): note: see declaration of 'std::unique_ptr<Wt::WLength,std::default_delete<_Ty>>'
          with
          [
              _Ty=Wt::WLength
          ]
c:\program files\wt 4.0.5 msvs2017 x64\include\wt\wwebwidget.h(419): warning C4251: 'Wt::WWebWidget::height_': class 'std::unique_ptr<Wt::WLength,std::default_delete<_Ty>>' needs to have dll-interface to be used by clients of class 'Wt::WWebWidget'
          with
          [
              _Ty=Wt::WLength
          ]
  c:\program files\wt 4.0.5 msvs2017 x64\include\wt\wwebwidget.h(418): note: see declaration of 'std::unique_ptr<Wt::WLength,std::default_delete<_Ty>>'
          with
          [
              _Ty=Wt::WLength
          ]
c:\program files\wt 4.0.5 msvs2017 x64\include\wt\wwebwidget.h(437): warning C4251: 'Wt::WWebWidget::transientImpl_': class 'std::unique_ptr<Wt::WWebWidget::TransientImpl,std::default_delete<_Ty>>' needs to have dll-interface to be used by clients of class 'Wt::WWebWidget'
          with
          [
              _Ty=Wt::WWebWidget::TransientImpl
          ]
  c:\program files\wt 4.0.5 msvs2017 x64\include\wt\wwebwidget.h(437): note: see declaration of 'std::unique_ptr<Wt::WWebWidget::TransientImpl,std::default_delete<_Ty>>'
          with
          [
              _Ty=Wt::WWebWidget::TransientImpl
          ]
c:\program files\wt 4.0.5 msvs2017 x64\include\wt\wwebwidget.h(453): warning C4251: 'Wt::WWebWidget::layoutImpl_': class 'std::unique_ptr<Wt::WWebWidget::LayoutImpl,std::default_delete<_Ty>>' needs to have dll-interface to be used by clients of class 'Wt::WWebWidget'
          with
          [
              _Ty=Wt::WWebWidget::LayoutImpl
          ]
  c:\program files\wt 4.0.5 msvs2017 x64\include\wt\wwebwidget.h(453): note: see declaration of 'std::unique_ptr<Wt::WWebWidget::LayoutImpl,std::default_delete<_Ty>>'
          with
          [
              _Ty=Wt::WWebWidget::LayoutImpl
          ]
c:\program files\wt 4.0.5 msvs2017 x64\include\wt\wwebwidget.h(466): warning C4251: 'Wt::WWebWidget::lookImpl_': class 'std::unique_ptr<Wt::WWebWidget::LookImpl,std::default_delete<_Ty>>' needs to have dll-interface to be used by clients of class 'Wt::WWebWidget'
          with
          [
              _Ty=Wt::WWebWidget::LookImpl
          ]
  c:\program files\wt 4.0.5 msvs2017 x64\include\wt\wwebwidget.h(466): note: see declaration of 'std::unique_ptr<Wt::WWebWidget::LookImpl,std::default_delete<_Ty>>'
          with
          [
              _Ty=Wt::WWebWidget::LookImpl
          ]
c:\program files\wt 4.0.5 msvs2017 x64\include\wt\wwebwidget.h(519): warning C4251: 'Wt::WWebWidget::otherImpl_': class 'std::unique_ptr<Wt::WWebWidget::OtherImpl,std::default_delete<_Ty>>' needs to have dll-interface to be used by clients of class 'Wt::WWebWidget'
          with
          [
              _Ty=Wt::WWebWidget::OtherImpl
          ]
  c:\program files\wt 4.0.5 msvs2017 x64\include\wt\wwebwidget.h(519): note: see declaration of 'std::unique_ptr<Wt::WWebWidget::OtherImpl,std::default_delete<_Ty>>'
          with
          [
              _Ty=Wt::WWebWidget::OtherImpl
          ]
c:\program files\wt 4.0.5 msvs2017 x64\include\wt\winteractwidget.h(359): warning C4251: 'Wt::WInteractWidget::dragSlot_': class 'std::unique_ptr<Wt::JSlot,std::default_delete<_Ty>>' needs to have dll-interface to be used by clients of class 'Wt::WInteractWidget'
          with
          [
              _Ty=Wt::JSlot
          ]
  c:\program files\wt 4.0.5 msvs2017 x64\include\wt\winteractwidget.h(359): note: see declaration of 'std::unique_ptr<Wt::JSlot,std::default_delete<_Ty>>'
          with
          [
              _Ty=Wt::JSlot
          ]
c:\program files\wt 4.0.5 msvs2017 x64\include\wt\winteractwidget.h(360): warning C4251: 'Wt::WInteractWidget::dragTouchSlot_': class 'std::unique_ptr<Wt::JSlot,std::default_delete<_Ty>>' needs to have dll-interface to be used by clients of class 'Wt::WInteractWidget'
          with
          [
              _Ty=Wt::JSlot
          ]
  c:\program files\wt 4.0.5 msvs2017 x64\include\wt\winteractwidget.h(359): note: see declaration of 'std::unique_ptr<Wt::JSlot,std::default_delete<_Ty>>'
          with
          [
              _Ty=Wt::JSlot
          ]
c:\program files\wt 4.0.5 msvs2017 x64\include\wt\winteractwidget.h(361): warning C4251: 'Wt::WInteractWidget::dragTouchEndSlot_': class 'std::unique_ptr<Wt::JSlot,std::default_delete<_Ty>>' needs to have dll-interface to be used by clients of class 'Wt::WInteractWidget'
          with
          [
              _Ty=Wt::JSlot
          ]
  c:\program files\wt 4.0.5 msvs2017 x64\include\wt\winteractwidget.h(359): note: see declaration of 'std::unique_ptr<Wt::JSlot,std::default_delete<_Ty>>'
          with
          [
              _Ty=Wt::JSlot
          ]
c:\program files\wt 4.0.5 msvs2017 x64\include\wt\wcontainerwidget.h(492): warning C4251: 'Wt::WContainerWidget::flags_': class 'std::bitset<8>' needs to have dll-interface to be used by clients of class 'Wt::WContainerWidget'
  c:\program files\wt 4.0.5 msvs2017 x64\include\wt\wcontainerwidget.h(492): note: see declaration of 'std::bitset<8>'
c:\program files\wt 4.0.5 msvs2017 x64\include\wt\wcontainerwidget.h(493): warning C4251: 'Wt::WContainerWidget::contentAlignment_': class 'Wt::WFlags<Wt::AlignmentFlag>' needs to have dll-interface to be used by clients of class 'Wt::WContainerWidget'
  c:\program files\wt 4.0.5 msvs2017 x64\include\wt\wglobal.h(503): note: see declaration of 'Wt::WFlags<Wt::AlignmentFlag>'
c:\program files\wt 4.0.5 msvs2017 x64\include\wt\wcontainerwidget.h(496): warning C4251: 'Wt::WContainerWidget::children_': class 'std::vector<Wt::WWidget *,std::allocator<_Ty>>' needs to have dll-interface to be used by clients of class 'Wt::WContainerWidget'
          with
          [
              _Ty=Wt::WWidget *
          ]
  c:\program files\wt 4.0.5 msvs2017 x64\include\wt\wwidget.h(79): note: see declaration of 'std::vector<Wt::WWidget *,std::allocator<_Ty>>'
          with
          [
              _Ty=Wt::WWidget *
          ]
c:\program files\wt 4.0.5 msvs2017 x64\include\wt\wcontainerwidget.h(497): warning C4251: 'Wt::WContainerWidget::layout_': class 'std::unique_ptr<Wt::WLayout,std::default_delete<_Ty>>' needs to have dll-interface to be used by clients of class 'Wt::WContainerWidget'
          with
          [
              _Ty=Wt::WLayout
          ]
  c:\program files\wt 4.0.5 msvs2017 x64\include\wt\wcontainerwidget.h(157): note: see declaration of 'std::unique_ptr<Wt::WLayout,std::default_delete<_Ty>>'
          with
          [
              _Ty=Wt::WLayout
          ]
c:\program files\wt 4.0.5 msvs2017 x64\include\wt\wcontainerwidget.h(499): warning C4251: 'Wt::WContainerWidget::addedChildren_': class 'std::unique_ptr<std::vector<Wt::WWidget *,std::allocator<_Ty>>,std::default_delete<std::vector<_Ty,std::allocator<_Ty>>>>' needs to have dll-interface to be used by clients of class 'Wt::WContainerWidget'
          with
          [
              _Ty=Wt::WWidget *
          ]
  c:\program files\wt 4.0.5 msvs2017 x64\include\wt\wcontainerwidget.h(499): note: see declaration of 'std::unique_ptr<std::vector<Wt::WWidget *,std::allocator<_Ty>>,std::default_delete<std::vector<_Ty,std::allocator<_Ty>>>>'
          with
          [
              _Ty=Wt::WWidget *
          ]
c:\program files\wt 4.0.5 msvs2017 x64\include\wt\wtext.h(278): warning C4251: 'Wt::WText::text_': struct 'Wt::WText::RichText' needs to have dll-interface to be used by clients of class 'Wt::WText'
  c:\program files\wt 4.0.5 msvs2017 x64\include\wt\wtext.h(266): note: see declaration of 'Wt::WText::RichText'
c:\program files\wt 4.0.5 msvs2017 x64\include\wt\wtext.h(290): warning C4251: 'Wt::WText::flags_': class 'std::bitset<9>' needs to have dll-interface to be used by clients of class 'Wt::WText'
  c:\program files\wt 4.0.5 msvs2017 x64\include\wt\wtext.h(290): note: see declaration of 'std::bitset<9>'
main.obj : error LNK2019: unresolved external symbol "__declspec(dllimport) public: __thiscall Wt::WString::WString(char const *,enum Wt::CharEncoding)" (__imp_??0WString@Wt@@QAE@PBDW4CharEncoding@1@@Z) referenced in function "class std::unique_ptr<class Wt::WText,struct std::default_delete<class Wt::WText> > __cdecl Wt::cpp14::make_unique<class Wt::WText,char const (&)[15]>(char const (&)[15])" (??$make_unique@VWText@Wt@@AAY0P@$$CBD@cpp14@Wt@@YA?AV?$unique_ptr@VWText@Wt@@U?$default_delete@VWText@Wt@@@std@@@std@@AAY0P@$$CBD@Z)
main.obj : error LNK2019: unresolved external symbol "__declspec(dllimport) public: __thiscall Wt::WString::~WString(void)" (__imp_??1WString@Wt@@QAE@XZ) referenced in function "class std::unique_ptr<class Wt::WText,struct std::default_delete<class Wt::WText> > __cdecl Wt::cpp14::make_unique<class Wt::WText,char const (&)[15]>(char const (&)[15])" (??$make_unique@VWText@Wt@@AAY0P@$$CBD@cpp14@Wt@@YA?AV?$unique_ptr@VWText@Wt@@U?$default_delete@VWText@Wt@@@std@@@std@@AAY0P@$$CBD@Z)
main.obj : error LNK2019: unresolved external symbol "__declspec(dllimport) public: class Wt::WString & __thiscall Wt::WString::arg(unsigned int)" (__imp_?arg@WString@Wt@@QAEAAV12@I@Z) referenced in function _main
main.obj : error LNK2019: unresolved external symbol "__declspec(dllimport) public: __thiscall Wt::WContainerWidget::WContainerWidget(void)" (__imp_??0WContainerWidget@Wt@@QAE@XZ) referenced in function "class std::unique_ptr<class Wt::WContainerWidget,struct std::default_delete<class Wt::WContainerWidget> > __cdecl Wt::cpp14::make_unique<class Wt::WContainerWidget>(void)" (??$make_unique@VWContainerWidget@Wt@@$$V@cpp14@Wt@@YA?AV?$unique_ptr@VWContainerWidget@Wt@@U?$default_delete@VWContainerWidget@Wt@@@std@@@std@@XZ)
main.obj : error LNK2019: unresolved external symbol "__declspec(dllimport) public: virtual __thiscall Wt::WContainerWidget::~WContainerWidget(void)" (__imp_??1WContainerWidget@Wt@@UAE@XZ) referenced in function "public: virtual void * __thiscall Wt::WContainerWidget::`scalar deleting destructor'(unsigned int)" (??_GWContainerWidget@Wt@@UAEPAXI@Z)
main.obj : error LNK2019: unresolved external symbol "__declspec(dllimport) public: __thiscall Wt::WText::WText(class Wt::WString const &)" (__imp_??0WText@Wt@@QAE@ABVWString@1@@Z) referenced in function "class std::unique_ptr<class Wt::WText,struct std::default_delete<class Wt::WText> > __cdecl Wt::cpp14::make_unique<class Wt::WText,class Wt::WString &>(class Wt::WString &)" (??$make_unique@VWText@Wt@@AAVWString@2@@cpp14@Wt@@YA?AV?$unique_ptr@VWText@Wt@@U?$default_delete@VWText@Wt@@@std@@@std@@AAVWString@1@@Z)
main.obj : error LNK2019: unresolved external symbol "__declspec(dllimport) public: virtual __thiscall Wt::WText::~WText(void)" (__imp_??1WText@Wt@@UAE@XZ) referenced in function "public: virtual void * __thiscall Wt::WText::`scalar deleting destructor'(unsigned int)" (??_GWText@Wt@@UAEPAXI@Z)
main.obj : error LNK2001: unresolved external symbol "public: virtual void __thiscall Wt::WWidget::acceptDrops(class std::basic_string<char,struct std::char_traits<char>,class std::allocator<char> > const &,class Wt::WString const &)" (?acceptDrops@WWidget@Wt@@UAEXABV?$basic_string@DU?$char_traits@D@std@@V?$allocator@D@2@@std@@ABVWString@2@@Z)
main.obj : error LNK2001: unresolved external symbol "public: virtual void __thiscall Wt::WWebWidget::addStyleClass(class Wt::WString const &,bool)" (?addStyleClass@WWebWidget@Wt@@UAEXABVWString@2@_N@Z)
main.obj : error LNK2001: unresolved external symbol "public: virtual void __thiscall Wt::WContainerWidget::addWidget(class std::unique_ptr<class Wt::WWidget,struct std::default_delete<class Wt::WWidget> >)" (?addWidget@WContainerWidget@Wt@@UAEXV?$unique_ptr@VWWidget@Wt@@U?$default_delete@VWWidget@Wt@@@std@@@std@@@Z)
main.obj : error LNK2001: unresolved external symbol "public: virtual class Wt::WString __thiscall Wt::WWebWidget::attributeValue(class std::basic_string<char,struct std::char_traits<char>,class std::allocator<char> > const &)const " (?attributeValue@WWebWidget@Wt@@UBE?AVWString@2@ABV?$basic_string@DU?$char_traits@D@std@@V?$allocator@D@2@@std@@@Z)
main.obj : error LNK2001: unresolved external symbol "public: virtual int __thiscall Wt::WWebWidget::baseZIndex(void)const " (?baseZIndex@WWebWidget@Wt@@UBEHXZ)
main.obj : error LNK2001: unresolved external symbol "protected: virtual int __thiscall Wt::WWidget::boxBorder(enum Wt::Orientation)const " (?boxBorder@WWidget@Wt@@MBEHW4Orientation@2@@Z)
main.obj : error LNK2001: unresolved external symbol "protected: virtual int __thiscall Wt::WWidget::boxPadding(enum Wt::Orientation)const " (?boxPadding@WWidget@Wt@@MBEHW4Orientation@2@@Z)
main.obj : error LNK2001: unresolved external symbol "public: virtual void __thiscall Wt::WWebWidget::callJavaScriptMember(class std::basic_string<char,struct std::char_traits<char>,class std::allocator<char> > const &,class std::basic_string<char,struct std::char_traits<char>,class std::allocator<char> > const &)" (?callJavaScriptMember@WWebWidget@Wt@@UAEXABV?$basic_string@DU?$char_traits@D@std@@V?$allocator@D@2@@std@@0@Z)
main.obj : error LNK2001: unresolved external symbol "public: virtual bool __thiscall Wt::WWebWidget::canReceiveFocus(void)const " (?canReceiveFocus@WWebWidget@Wt@@UBE_NXZ)
main.obj : error LNK2001: unresolved external symbol "protected: virtual void __thiscall Wt::WContainerWidget::childResized(class Wt::WWidget *,class Wt::WFlags<enum Wt::Orientation>)" (?childResized@WContainerWidget@Wt@@MAEXPAVWWidget@2@V?$WFlags@W4Orientation@Wt@@@2@@Z)
main.obj : error LNK2001: unresolved external symbol "protected: virtual void __thiscall Wt::WWidget::childResized(class Wt::WWidget *,class Wt::WFlags<enum Wt::Orientation>)" (?childResized@WWidget@Wt@@MAEXPAV12@V?$WFlags@W4Orientation@Wt@@@2@@Z)
main.obj : error LNK2001: unresolved external symbol "public: virtual class std::vector<class Wt::WWidget *,class std::allocator<class Wt::WWidget *> > __thiscall Wt::WWebWidget::children(void)const " (?children@WWebWidget@Wt@@UBE?AV?$vector@PAVWWidget@Wt@@V?$allocator@PAVWWidget@Wt@@@std@@@std@@XZ)
main.obj : error LNK2001: unresolved external symbol "public: virtual void __thiscall Wt::WContainerWidget::clear(void)" (?clear@WContainerWidget@Wt@@UAEXXZ)
main.obj : error LNK2001: unresolved external symbol "public: virtual class Wt::WFlags<enum Wt::Side> __thiscall Wt::WWebWidget::clearSides(void)const " (?clearSides@WWebWidget@Wt@@UBE?AV?$WFlags@W4Side@Wt@@@2@XZ)
main.obj : error LNK2001: unresolved external symbol "public: virtual int __thiscall Wt::WContainerWidget::count(void)const " (?count@WContainerWidget@Wt@@UBEHXZ)
main.obj : error LNK2001: unresolved external symbol "protected: virtual class Wt::DomElement * __thiscall Wt::WContainerWidget::createDomElement(class Wt::WApplication *)" (?createDomElement@WContainerWidget@Wt@@MAEPAVDomElement@2@PAVWApplication@2@@Z)
main.obj : error LNK2001: unresolved external symbol "public: virtual class Wt::DomElement * __thiscall Wt::WWebWidget::createDomElement(class Wt::WApplication *)" (?createDomElement@WWebWidget@Wt@@UAEPAVDomElement@2@PAVWApplication@2@@Z)
main.obj : error LNK2001: unresolved external symbol "public: virtual class Wt::WCssDecorationStyle & __thiscall Wt::WWebWidget::decorationStyle(void)" (?decorationStyle@WWebWidget@Wt@@UAEAAVWCssDecorationStyle@2@XZ)
main.obj : error LNK2001: unresolved external symbol "public: virtual class Wt::WCssDecorationStyle const & __thiscall Wt::WWebWidget::decorationStyle(void)const " (?decorationStyle@WWebWidget@Wt@@UBEABVWCssDecorationStyle@2@XZ)
main.obj : error LNK2001: unresolved external symbol "public: virtual void __thiscall Wt::WWebWidget::doJavaScript(class std::basic_string<char,struct std::char_traits<char>,class std::allocator<char> > const &)" (?doJavaScript@WWebWidget@Wt@@UAEXABV?$basic_string@DU?$char_traits@D@std@@V?$allocator@D@2@@std@@@Z)
main.obj : error LNK2001: unresolved external symbol "protected: virtual bool __thiscall Wt::WWebWidget::domCanBeSaved(void)const " (?domCanBeSaved@WWebWidget@Wt@@MBE_NXZ)
main.obj : error LNK2001: unresolved external symbol "protected: virtual enum Wt::DomElementType __thiscall Wt::WContainerWidget::domElementType(void)const " (?domElementType@WContainerWidget@Wt@@MBE?AW4DomElementType@2@XZ)
main.obj : error LNK2001: unresolved external symbol "protected: virtual enum Wt::DomElementType __thiscall Wt::WText::domElementType(void)const " (?domElementType@WText@Wt@@MBE?AW4DomElementType@2@XZ)
main.obj : error LNK2001: unresolved external symbol "protected: virtual void __thiscall Wt::WWebWidget::doneRerender(void)" (?doneRerender@WWebWidget@Wt@@MAEXXZ)
main.obj : error LNK2001: unresolved external symbol "protected: virtual void __thiscall Wt::WWidget::dropEvent(class Wt::WDropEvent)" (?dropEvent@WWidget@Wt@@MAEXVWDropEvent@2@@Z)
main.obj : error LNK2001: unresolved external symbol "protected: virtual void __thiscall Wt::WWebWidget::enableAjax(void)" (?enableAjax@WWebWidget@Wt@@MAEXXZ)
main.obj : error LNK2001: unresolved external symbol "public: virtual class Wt::WWidget * __thiscall Wt::WWebWidget::find(class std::basic_string<char,struct std::char_traits<char>,class std::allocator<char> > const &)" (?find@WWebWidget@Wt@@UAEPAVWWidget@2@ABV?$basic_string@DU?$char_traits@D@std@@V?$allocator@D@2@@std@@@Z)
main.obj : error LNK2001: unresolved external symbol "public: virtual class Wt::WWidget * __thiscall Wt::WWebWidget::findById(class std::basic_string<char,struct std::char_traits<char>,class std::allocator<char> > const &)" (?findById@WWebWidget@Wt@@UAEPAVWWidget@2@ABV?$basic_string@DU?$char_traits@D@std@@V?$allocator@D@2@@std@@@Z)
main.obj : error LNK2001: unresolved external symbol "protected: virtual int __thiscall Wt::WContainerWidget::firstChildIndex(void)const " (?firstChildIndex@WContainerWidget@Wt@@MBEHXZ)
main.obj : error LNK2001: unresolved external symbol "public: virtual enum Wt::Side __thiscall Wt::WWebWidget::floatSide(void)const " (?floatSide@WWebWidget@Wt@@UBE?AW4Side@2@XZ)
main.obj : error LNK2001: unresolved external symbol "protected: virtual void __thiscall Wt::WContainerWidget::getDomChanges(class std::vector<class Wt::DomElement *,class std::allocator<class Wt::DomElement *> > &,class Wt::WApplication *)" (?getDomChanges@WContainerWidget@Wt@@MAEXAAV?$vector@PAVDomElement@Wt@@V?$allocator@PAVDomElement@Wt@@@std@@@std@@PAVWApplication@2@@Z)
main.obj : error LNK2001: unresolved external symbol "public: virtual void __thiscall Wt::WWebWidget::getDomChanges(class std::vector<class Wt::DomElement *,class std::allocator<class Wt::DomElement *> > &,class Wt::WApplication *)" (?getDomChanges@WWebWidget@Wt@@UAEXAAV?$vector@PAVDomElement@Wt@@V?$allocator@PAVDomElement@Wt@@@std@@@std@@PAVWApplication@2@@Z)
main.obj : error LNK2001: unresolved external symbol "protected: virtual void __thiscall Wt::WWebWidget::getFormObjects(class std::map<class std::basic_string<char,struct std::char_traits<char>,class std::allocator<char> >,class Wt::WObject *,struct std::less<class std::basic_string<char,struct std::char_traits<char>,class std::allocator<char> > >,class std::allocator<struct std::pair<class std::basic_string<char,struct std::char_traits<char>,class std::allocator<char> > const ,class Wt::WObject *> > > &)" (?getFormObjects@WWebWidget@Wt@@MAEXAAV?$map@V?$basic_string@DU?$char_traits@D@std@@V?$allocator@D@2@@std@@PAVWObject@Wt@@U?$less@V?$basic_string@DU?$char_traits@D@std@@V?$allocator@D@2@@std@@@2@V?$allocator@U?$pair@$$CBV?$basic_string@DU?$char_traits@D@std@@V?$allocator@D@2@@std@@PAVWObject@Wt@@@std@@@2@@std@@@Z)
main.obj : error LNK2001: unresolved external symbol "private: virtual void __thiscall Wt::WWebWidget::getSDomChanges(class std::vector<class Wt::DomElement *,class std::allocator<class Wt::DomElement *> > &,class Wt::WApplication *)" (?getSDomChanges@WWebWidget@Wt@@EAEXAAV?$vector@PAVDomElement@Wt@@V?$allocator@PAVDomElement@Wt@@@std@@@std@@PAVWApplication@2@@Z)
main.obj : error LNK2001: unresolved external symbol "protected: virtual class Wt::WStatelessSlot * __thiscall Wt::WWebWidget::getStateless(void (__thiscall Wt::WObject::*)(void))" (?getStateless@WWebWidget@Wt@@MAEPAVWStatelessSlot@2@P8WObject@2@AEXXZ@Z)
main.obj : error LNK2001: unresolved external symbol "public: virtual bool __thiscall Wt::WWebWidget::hasFocus(void)const " (?hasFocus@WWebWidget@Wt@@UBE_NXZ)
main.obj : error LNK2001: unresolved external symbol "protected: virtual bool __thiscall Wt::WWidget::hasParent(void)const " (?hasParent@WWidget@Wt@@MBE_NXZ)
main.obj : error LNK2001: unresolved external symbol "public: virtual bool __thiscall Wt::WWebWidget::hasStyleClass(class Wt::WString const &)const " (?hasStyleClass@WWebWidget@Wt@@UBE_NABVWString@2@@Z)
main.obj : error LNK2001: unresolved external symbol "public: virtual class Wt::WLength __thiscall Wt::WWebWidget::height(void)const " (?height@WWebWidget@Wt@@UBE?AVWLength@2@XZ)
main.obj : error LNK2001: unresolved external symbol "public: virtual bool __thiscall Wt::WWebWidget::hiddenKeepsGeometry(void)const " (?hiddenKeepsGeometry@WWebWidget@Wt@@UBE_NXZ)
main.obj : error LNK2001: unresolved external symbol "public: virtual void __thiscall Wt::WWidget::htmlText(class std::basic_ostream<char,struct std::char_traits<char> > &)" (?htmlText@WWidget@Wt@@UAEXAAV?$basic_ostream@DU?$char_traits@D@std@@@std@@@Z)
main.obj : error LNK2001: unresolved external symbol "public: virtual class std::basic_string<char,struct std::char_traits<char>,class std::allocator<char> > const __thiscall Wt::WWebWidget::id(void)const " (?id@WWebWidget@Wt@@UBE?BV?$basic_string@DU?$char_traits@D@std@@V?$allocator@D@2@@std@@XZ)
main.obj : error LNK2001: unresolved external symbol "public: virtual int __thiscall Wt::WContainerWidget::indexOf(class Wt::WWidget *)const " (?indexOf@WContainerWidget@Wt@@UBEHPAVWWidget@2@@Z)
main.obj : error LNK2001: unresolved external symbol "public: virtual void __thiscall Wt::WContainerWidget::insertBefore(class std::unique_ptr<class Wt::WWidget,struct std::default_delete<class Wt::WWidget> >,class Wt::WWidget *)" (?insertBefore@WContainerWidget@Wt@@UAEXV?$unique_ptr@VWWidget@Wt@@U?$default_delete@VWWidget@Wt@@@std@@@std@@PAVWWidget@2@@Z)
main.obj : error LNK2001: unresolved external symbol "public: virtual void __thiscall Wt::WContainerWidget::insertWidget(int,class std::unique_ptr<class Wt::WWidget,struct std::default_delete<class Wt::WWidget> >)" (?insertWidget@WContainerWidget@Wt@@UAEXHV?$unique_ptr@VWWidget@Wt@@U?$default_delete@VWWidget@Wt@@@std@@@std@@@Z)
main.obj : error LNK2001: unresolved external symbol "public: virtual bool __thiscall Wt::WWebWidget::isDisabled(void)const " (?isDisabled@WWebWidget@Wt@@UBE_NXZ)
main.obj : error LNK2001: unresolved external symbol "public: virtual bool __thiscall Wt::WInteractWidget::isEnabled(void)const " (?isEnabled@WInteractWidget@Wt@@UBE_NXZ)
main.obj : error LNK2001: unresolved external symbol "public: virtual bool __thiscall Wt::WWidget::isExposed(class Wt::WWidget *)" (?isExposed@WWidget@Wt@@UAE_NPAV12@@Z)
main.obj : error LNK2001: unresolved external symbol "public: virtual bool __thiscall Wt::WWebWidget::isHidden(void)const " (?isHidden@WWebWidget@Wt@@UBE_NXZ)
main.obj : error LNK2001: unresolved external symbol "public: virtual bool __thiscall Wt::WWebWidget::isInline(void)const " (?isInline@WWebWidget@Wt@@UBE_NXZ)
main.obj : error LNK2001: unresolved external symbol "public: virtual bool __thiscall Wt::WWebWidget::isPopup(void)const " (?isPopup@WWebWidget@Wt@@UBE_NXZ)
main.obj : error LNK2001: unresolved external symbol "public: virtual bool __thiscall Wt::WWebWidget::isScrollVisible(void)const " (?isScrollVisible@WWebWidget@Wt@@UBE_NXZ)
main.obj : error LNK2001: unresolved external symbol "protected: virtual bool __thiscall Wt::WWebWidget::isStubbed(void)const " (?isStubbed@WWebWidget@Wt@@MBE_NXZ)
main.obj : error LNK2001: unresolved external symbol "public: virtual bool __thiscall Wt::WWebWidget::isThemeStyleEnabled(void)const " (?isThemeStyleEnabled@WWebWidget@Wt@@UBE_NXZ)
main.obj : error LNK2001: unresolved external symbol "public: virtual bool __thiscall Wt::WWebWidget::isVisible(void)const " (?isVisible@WWebWidget@Wt@@UBE_NXZ)
main.obj : error LNK2001: unresolved external symbol "protected: virtual void __thiscall Wt::WContainerWidget::iterateChildren(class std::function<void __cdecl(class Wt::WWidget *)> const &)const " (?iterateChildren@WContainerWidget@Wt@@MBEXABV?$function@$$A6AXPAVWWidget@Wt@@@Z@std@@@Z)
main.obj : error LNK2001: unresolved external symbol "protected: virtual void __thiscall Wt::WWebWidget::iterateChildren(class std::function<void __cdecl(class Wt::WWidget *)> const &)const " (?iterateChildren@WWebWidget@Wt@@MBEXABV?$function@$$A6AXPAVWWidget@Wt@@@Z@std@@@Z)
main.obj : error LNK2001: unresolved external symbol "public: virtual class std::basic_string<char,struct std::char_traits<char>,class std::allocator<char> > __thiscall Wt::WWebWidget::javaScriptMember(class std::basic_string<char,struct std::char_traits<char>,class std::allocator<char> > const &)const " (?javaScriptMember@WWebWidget@Wt@@UBE?AV?$basic_string@DU?$char_traits@D@std@@V?$allocator@D@2@@std@@ABV34@@Z)
main.obj : error LNK2001: unresolved external symbol "protected: virtual void __thiscall Wt::WWidget::layoutSizeChanged(int,int)" (?layoutSizeChanged@WWidget@Wt@@MAEXHH@Z)
main.obj : error LNK2001: unresolved external symbol "public: virtual class Wt::WLength __thiscall Wt::WWebWidget::lineHeight(void)const " (?lineHeight@WWebWidget@Wt@@UBE?AVWLength@2@XZ)
main.obj : error LNK2001: unresolved external symbol "public: virtual void __thiscall Wt::WInteractWidget::load(void)" (?load@WInteractWidget@Wt@@UAEXXZ)
main.obj : error LNK2001: unresolved external symbol "public: virtual bool __thiscall Wt::WWebWidget::loaded(void)const " (?loaded@WWebWidget@Wt@@UBE_NXZ)
main.obj : error LNK2001: unresolved external symbol "public: virtual class Wt::WLength __thiscall Wt::WWebWidget::margin(enum Wt::Side)const " (?margin@WWebWidget@Wt@@UBE?AVWLength@2@W4Side@2@@Z)
main.obj : error LNK2001: unresolved external symbol "public: virtual class Wt::WLength __thiscall Wt::WWebWidget::maximumHeight(void)const " (?maximumHeight@WWebWidget@Wt@@UBE?AVWLength@2@XZ)
main.obj : error LNK2001: unresolved external symbol "public: virtual class Wt::WLength __thiscall Wt::WWebWidget::maximumWidth(void)const " (?maximumWidth@WWebWidget@Wt@@UBE?AVWLength@2@XZ)
main.obj : error LNK2001: unresolved external symbol "public: virtual class Wt::WLength __thiscall Wt::WWebWidget::minimumHeight(void)const " (?minimumHeight@WWebWidget@Wt@@UBE?AVWLength@2@XZ)
main.obj : error LNK2001: unresolved external symbol "public: virtual class Wt::WLength __thiscall Wt::WWebWidget::minimumWidth(void)const " (?minimumWidth@WWebWidget@Wt@@UBE?AVWLength@2@XZ)
main.obj : error LNK2001: unresolved external symbol "private: virtual bool __thiscall Wt::WWebWidget::needsToBeRendered(void)const " (?needsToBeRendered@WWebWidget@Wt@@EBE_NXZ)
main.obj : error LNK2001: unresolved external symbol "public: virtual class std::basic_string<char,struct std::char_traits<char>,class std::allocator<char> > __thiscall Wt::WObject::objectName(void)const " (?objectName@WObject@Wt@@UBE?AV?$basic_string@DU?$char_traits@D@std@@V?$allocator@D@2@@std@@XZ)
main.obj : error LNK2001: unresolved external symbol "public: virtual class Wt::WLength __thiscall Wt::WWebWidget::offset(enum Wt::Side)const " (?offset@WWebWidget@Wt@@UBE?AVWLength@2@W4Side@2@@Z)
main.obj : error LNK2001: unresolved external symbol "protected: virtual void __thiscall Wt::WContainerWidget::parentResized(class Wt::WWidget *,class Wt::WFlags<enum Wt::Orientation>)" (?parentResized@WContainerWidget@Wt@@MAEXPAVWWidget@2@V?$WFlags@W4Orientation@Wt@@@2@@Z)
main.obj : error LNK2001: unresolved external symbol "protected: virtual void __thiscall Wt::WWebWidget::parentResized(class Wt::WWidget *,class Wt::WFlags<enum Wt::Orientation>)" (?parentResized@WWebWidget@Wt@@MAEXPAVWWidget@2@V?$WFlags@W4Orientation@Wt@@@2@@Z)
main.obj : error LNK2001: unresolved external symbol "public: virtual void __thiscall Wt::WWidget::positionAt(class Wt::WWidget const *,enum Wt::Orientation)" (?positionAt@WWidget@Wt@@UAEXPBV12@W4Orientation@2@@Z)
main.obj : error LNK2001: unresolved external symbol "public: virtual enum Wt::PositionScheme __thiscall Wt::WWebWidget::positionScheme(void)const " (?positionScheme@WWebWidget@Wt@@UBE?AW4PositionScheme@2@XZ)
main.obj : error LNK2001: unresolved external symbol "protected: virtual void __thiscall Wt::WContainerWidget::propagateRenderOk(bool)" (?propagateRenderOk@WContainerWidget@Wt@@MAEX_N@Z)
main.obj : error LNK2001: unresolved external symbol "protected: virtual void __thiscall Wt::WText::propagateRenderOk(bool)" (?propagateRenderOk@WText@Wt@@MAEX_N@Z)
main.obj : error LNK2001: unresolved external symbol "protected: virtual void __thiscall Wt::WInteractWidget::propagateSetEnabled(bool)" (?propagateSetEnabled@WInteractWidget@Wt@@MAEX_N@Z)
main.obj : error LNK2001: unresolved external symbol "protected: virtual void __thiscall Wt::WWebWidget::propagateSetVisible(bool)" (?propagateSetVisible@WWebWidget@Wt@@MAEX_N@Z)
main.obj : error LNK2001: unresolved external symbol "public: virtual void __thiscall Wt::WText::refresh(void)" (?refresh@WText@Wt@@UAEXXZ)
main.obj : error LNK2001: unresolved external symbol "public: virtual void __thiscall Wt::WWebWidget::refresh(void)" (?refresh@WWebWidget@Wt@@UAEXXZ)
main.obj : error LNK2001: unresolved external symbol "public: virtual void __thiscall Wt::WWebWidget::removeStyleClass(class Wt::WString const &,bool)" (?removeStyleClass@WWebWidget@Wt@@UAEXABVWString@2@_N@Z)
main.obj : error LNK2001: unresolved external symbol "public: virtual class std::unique_ptr<class Wt::WWidget,struct std::default_delete<class Wt::WWidget> > __thiscall Wt::WContainerWidget::removeWidget(class Wt::WWidget *)" (?removeWidget@WContainerWidget@Wt@@UAE?AV?$unique_ptr@VWWidget@Wt@@U?$default_delete@VWWidget@Wt@@@std@@@std@@PAVWWidget@2@@Z)
main.obj : error LNK2001: unresolved external symbol "public: virtual class std::unique_ptr<class Wt::WWidget,struct std::default_delete<class Wt::WWidget> > __thiscall Wt::WWidget::removeWidget(class Wt::WWidget *)" (?removeWidget@WWidget@Wt@@UAE?AV?$unique_ptr@VWWidget@Wt@@U?$default_delete@VWWidget@Wt@@@std@@@std@@PAV12@@Z)
main.obj : error LNK2001: unresolved external symbol "protected: virtual void __thiscall Wt::WText::render(class Wt::WFlags<enum Wt::RenderFlag>)" (?render@WText@Wt@@MAEXV?$WFlags@W4RenderFlag@Wt@@@2@@Z)
main.obj : error LNK2001: unresolved external symbol "protected: virtual void __thiscall Wt::WWebWidget::render(class Wt::WFlags<enum Wt::RenderFlag>)" (?render@WWebWidget@Wt@@MAEXV?$WFlags@W4RenderFlag@Wt@@@2@@Z)
main.obj : error LNK2001: unresolved external symbol "protected: virtual class std::basic_string<char,struct std::char_traits<char>,class std::allocator<char> > __thiscall Wt::WWebWidget::renderRemoveJs(bool)" (?renderRemoveJs@WWebWidget@Wt@@MAE?AV?$basic_string@DU?$char_traits@D@std@@V?$allocator@D@2@@std@@_N@Z)
main.obj : error LNK2001: unresolved external symbol "public: virtual void __thiscall Wt::WWebWidget::resize(class Wt::WLength const &,class Wt::WLength const &)" (?resize@WWebWidget@Wt@@UAEXABVWLength@2@0@Z)
main.obj : error LNK2001: unresolved external symbol "public: virtual class Wt::Signal<bool> & __thiscall Wt::WWebWidget::scrollVisibilityChanged(void)" (?scrollVisibilityChanged@WWebWidget@Wt@@UAEAAV?$Signal@_N@2@XZ)
main.obj : error LNK2001: unresolved external symbol "public: virtual bool __thiscall Wt::WWebWidget::scrollVisibilityEnabled(void)const " (?scrollVisibilityEnabled@WWebWidget@Wt@@UBE_NXZ)
main.obj : error LNK2001: unresolved external symbol "public: virtual int __thiscall Wt::WWebWidget::scrollVisibilityMargin(void)const " (?scrollVisibilityMargin@WWebWidget@Wt@@UBEHXZ)
main.obj : error LNK2001: unresolved external symbol "public: virtual void __thiscall Wt::WWebWidget::setAttributeValue(class std::basic_string<char,struct std::char_traits<char>,class std::allocator<char> > const &,class Wt::WString const &)" (?setAttributeValue@WWebWidget@Wt@@UAEXABV?$basic_string@DU?$char_traits@D@std@@V?$allocator@D@2@@std@@ABVWString@2@@Z)
main.obj : error LNK2001: unresolved external symbol "public: virtual void __thiscall Wt::WWebWidget::setCanReceiveFocus(bool)" (?setCanReceiveFocus@WWebWidget@Wt@@UAEX_N@Z)
main.obj : error LNK2001: unresolved external symbol "public: virtual void __thiscall Wt::WWebWidget::setClearSides(class Wt::WFlags<enum Wt::Side>)" (?setClearSides@WWebWidget@Wt@@UAEXV?$WFlags@W4Side@Wt@@@2@@Z)
main.obj : error LNK2001: unresolved external symbol "public: virtual void __thiscall Wt::WWebWidget::setDecorationStyle(class Wt::WCssDecorationStyle const &)" (?setDecorationStyle@WWebWidget@Wt@@UAEXABVWCssDecorationStyle@2@@Z)
main.obj : error LNK2001: unresolved external symbol "public: virtual void __thiscall Wt::WWebWidget::setDeferredToolTip(bool,enum Wt::TextFormat)" (?setDeferredToolTip@WWebWidget@Wt@@UAEX_NW4TextFormat@2@@Z)
main.obj : error LNK2001: unresolved external symbol "public: virtual void __thiscall Wt::WWebWidget::setDisabled(bool)" (?setDisabled@WWebWidget@Wt@@UAEX_N@Z)
main.obj : error LNK2001: unresolved external symbol "public: virtual bool __thiscall Wt::WWebWidget::setFirstFocus(void)" (?setFirstFocus@WWebWidget@Wt@@UAE_NXZ)
main.obj : error LNK2001: unresolved external symbol "public: virtual void __thiscall Wt::WWebWidget::setFloatSide(enum Wt::Side)" (?setFloatSide@WWebWidget@Wt@@UAEXW4Side@2@@Z)
main.obj : error LNK2001: unresolved external symbol "public: virtual void __thiscall Wt::WWebWidget::setFocus(bool)" (?setFocus@WWebWidget@Wt@@UAEX_N@Z)
main.obj : error LNK2001: unresolved external symbol "protected: virtual void __thiscall Wt::WContainerWidget::setFormData(struct Wt::WObject::FormData const &)" (?setFormData@WContainerWidget@Wt@@MAEXABUFormData@WObject@2@@Z)
main.obj : error LNK2001: unresolved external symbol "protected: virtual void __thiscall Wt::WObject::setFormData(struct Wt::WObject::FormData const &)" (?setFormData@WObject@Wt@@MAEXABUFormData@12@@Z)
main.obj : error LNK2001: unresolved external symbol "public: virtual void __thiscall Wt::WWebWidget::setHidden(bool,class Wt::WAnimation const &)" (?setHidden@WWebWidget@Wt@@UAEX_NABVWAnimation@2@@Z)
main.obj : error LNK2001: unresolved external symbol "public: virtual void __thiscall Wt::WWebWidget::setHiddenKeepsGeometry(bool)" (?setHiddenKeepsGeometry@WWebWidget@Wt@@UAEX_N@Z)
main.obj : error LNK2001: unresolved external symbol "protected: virtual void __thiscall Wt::WWebWidget::setHideWithOffsets(bool)" (?setHideWithOffsets@WWebWidget@Wt@@MAEX_N@Z)
main.obj : error LNK2001: unresolved external symbol "public: virtual void __thiscall Wt::WWebWidget::setId(class std::basic_string<char,struct std::char_traits<char>,class std::allocator<char> > const &)" (?setId@WWebWidget@Wt@@UAEXABV?$basic_string@DU?$char_traits@D@std@@V?$allocator@D@2@@std@@@Z)
main.obj : error LNK2001: unresolved external symbol "public: virtual void __thiscall Wt::WWebWidget::setInline(bool)" (?setInline@WWebWidget@Wt@@UAEX_N@Z)
main.obj : error LNK2001: unresolved external symbol "public: virtual void __thiscall Wt::WWebWidget::setJavaScriptMember(class std::basic_string<char,struct std::char_traits<char>,class std::allocator<char> > const &,class std::basic_string<char,struct std::char_traits<char>,class std::allocator<char> > const &)" (?setJavaScriptMember@WWebWidget@Wt@@UAEXABV?$basic_string@DU?$char_traits@D@std@@V?$allocator@D@2@@std@@0@Z)
main.obj : error LNK2001: unresolved external symbol "public: virtual void __thiscall Wt::WWebWidget::setLineHeight(class Wt::WLength const &)" (?setLineHeight@WWebWidget@Wt@@UAEXABVWLength@2@@Z)
main.obj : error LNK2001: unresolved external symbol "public: virtual void __thiscall Wt::WWebWidget::setMargin(class Wt::WLength const &,class Wt::WFlags<enum Wt::Side>)" (?setMargin@WWebWidget@Wt@@UAEXABVWLength@2@V?$WFlags@W4Side@Wt@@@2@@Z)
main.obj : error LNK2001: unresolved external symbol "public: virtual void __thiscall Wt::WWebWidget::setMaximumSize(class Wt::WLength const &,class Wt::WLength const &)" (?setMaximumSize@WWebWidget@Wt@@UAEXABVWLength@2@0@Z)
main.obj : error LNK2001: unresolved external symbol "public: virtual void __thiscall Wt::WWebWidget::setMinimumSize(class Wt::WLength const &,class Wt::WLength const &)" (?setMinimumSize@WWebWidget@Wt@@UAEXABVWLength@2@0@Z)
main.obj : error LNK2001: unresolved external symbol "public: virtual void __thiscall Wt::WWebWidget::setObjectName(class std::basic_string<char,struct std::char_traits<char>,class std::allocator<char> > const &)" (?setObjectName@WWebWidget@Wt@@UAEXABV?$basic_string@DU?$char_traits@D@std@@V?$allocator@D@2@@std@@@Z)
main.obj : error LNK2001: unresolved external symbol "public: virtual void __thiscall Wt::WWebWidget::setOffsets(class Wt::WLength const &,class Wt::WFlags<enum Wt::Side>)" (?setOffsets@WWebWidget@Wt@@UAEXABVWLength@2@V?$WFlags@W4Side@Wt@@@2@@Z)
main.obj : error LNK2001: unresolved external symbol "protected: virtual void __thiscall Wt::WWebWidget::setParentWidget(class Wt::WWidget *)" (?setParentWidget@WWebWidget@Wt@@MAEXPAVWWidget@2@@Z)
main.obj : error LNK2001: unresolved external symbol "public: virtual void __thiscall Wt::WInteractWidget::setPopup(bool)" (?setPopup@WInteractWidget@Wt@@UAEX_N@Z)
main.obj : error LNK2001: unresolved external symbol "public: virtual void __thiscall Wt::WWebWidget::setPositionScheme(enum Wt::PositionScheme)" (?setPositionScheme@WWebWidget@Wt@@UAEXW4PositionScheme@2@@Z)
main.obj : error LNK2001: unresolved external symbol "protected: virtual void __thiscall Wt::WObject::setRequestTooLarge(__int64)" (?setRequestTooLarge@WObject@Wt@@MAEX_J@Z)
main.obj : error LNK2001: unresolved external symbol "public: virtual void __thiscall Wt::WWebWidget::setScrollVisibilityEnabled(bool)" (?setScrollVisibilityEnabled@WWebWidget@Wt@@UAEX_N@Z)
main.obj : error LNK2001: unresolved external symbol "public: virtual void __thiscall Wt::WWebWidget::setScrollVisibilityMargin(int)" (?setScrollVisibilityMargin@WWebWidget@Wt@@UAEXH@Z)
main.obj : error LNK2001: unresolved external symbol "public: virtual void __thiscall Wt::WWebWidget::setSelectable(bool)" (?setSelectable@WWebWidget@Wt@@UAEX_N@Z)
main.obj : error LNK2001: unresolved external symbol "public: virtual void __thiscall Wt::WWebWidget::setStyleClass(class Wt::WString const &)" (?setStyleClass@WWebWidget@Wt@@UAEXABVWString@2@@Z)
main.obj : error LNK2001: unresolved external symbol "public: virtual void __thiscall Wt::WWebWidget::setTabIndex(int)" (?setTabIndex@WWebWidget@Wt@@UAEXH@Z)
main.obj : error LNK2001: unresolved external symbol "public: virtual void __thiscall Wt::WWebWidget::setThemeStyleEnabled(bool)" (?setThemeStyleEnabled@WWebWidget@Wt@@UAEX_N@Z)
main.obj : error LNK2001: unresolved external symbol "public: virtual void __thiscall Wt::WWebWidget::setToolTip(class Wt::WString const &,enum Wt::TextFormat)" (?setToolTip@WWebWidget@Wt@@UAEXABVWString@2@W4TextFormat@2@@Z)
main.obj : error LNK2001: unresolved external symbol "public: virtual void __thiscall Wt::WWebWidget::setVerticalAlignment(enum Wt::AlignmentFlag,class Wt::WLength const &)" (?setVerticalAlignment@WWebWidget@Wt@@UAEXW4AlignmentFlag@2@ABVWLength@2@@Z)
main.obj : error LNK2001: unresolved external symbol "protected: virtual void __thiscall Wt::WWebWidget::signalConnectionsChanged(void)" (?signalConnectionsChanged@WWebWidget@Wt@@MAEXXZ)
main.obj : error LNK2001: unresolved external symbol "public: virtual void __thiscall Wt::WWidget::stopAcceptDrops(class std::basic_string<char,struct std::char_traits<char>,class std::allocator<char> > const &)" (?stopAcceptDrops@WWidget@Wt@@UAEXABV?$basic_string@DU?$char_traits@D@std@@V?$allocator@D@2@@std@@@Z)
main.obj : error LNK2001: unresolved external symbol "public: virtual class Wt::WString __thiscall Wt::WWebWidget::styleClass(void)const " (?styleClass@WWebWidget@Wt@@UBE?AVWString@2@XZ)
main.obj : error LNK2001: unresolved external symbol "public: virtual int __thiscall Wt::WWebWidget::tabIndex(void)const " (?tabIndex@WWebWidget@Wt@@UBEHXZ)
main.obj : error LNK2001: unresolved external symbol "public: virtual void __thiscall Wt::WWidget::toggleStyleClass(class Wt::WString const &,bool,bool)" (?toggleStyleClass@WWidget@Wt@@UAEXABVWString@2@_N1@Z)
main.obj : error LNK2001: unresolved external symbol "public: virtual class Wt::WString __thiscall Wt::WWebWidget::toolTip(void)const " (?toolTip@WWebWidget@Wt@@UBE?AVWString@2@XZ)
main.obj : error LNK2001: unresolved external symbol "protected: virtual void __thiscall Wt::WContainerWidget::updateDom(class Wt::DomElement &,bool)" (?updateDom@WContainerWidget@Wt@@MAEXAAVDomElement@2@_N@Z)
main.obj : error LNK2001: unresolved external symbol "protected: virtual void __thiscall Wt::WText::updateDom(class Wt::DomElement &,bool)" (?updateDom@WText@Wt@@MAEXAAVDomElement@2@_N@Z)
main.obj : error LNK2001: unresolved external symbol "public: virtual enum Wt::AlignmentFlag __thiscall Wt::WWebWidget::verticalAlignment(void)const " (?verticalAlignment@WWebWidget@Wt@@UBE?AW4AlignmentFlag@2@XZ)
main.obj : error LNK2001: unresolved external symbol "public: virtual class Wt::WLength __thiscall Wt::WWebWidget::verticalAlignmentLength(void)const " (?verticalAlignmentLength@WWebWidget@Wt@@UBE?AVWLength@2@XZ)
main.obj : error LNK2001: unresolved external symbol "protected: virtual class Wt::WWebWidget * __thiscall Wt::WWebWidget::webWidget(void)" (?webWidget@WWebWidget@Wt@@MAEPAV12@XZ)
main.obj : error LNK2001: unresolved external symbol "public: virtual class Wt::WWidget * __thiscall Wt::WContainerWidget::widget(int)const " (?widget@WContainerWidget@Wt@@UBEPAVWWidget@2@H@Z)
main.obj : error LNK2001: unresolved external symbol "public: virtual class Wt::WLength __thiscall Wt::WWebWidget::width(void)const " (?width@WWebWidget@Wt@@UBE?AVWLength@2@XZ)
main.obj : error LNK2001: unresolved external symbol "public: virtual int __thiscall Wt::WWebWidget::zIndex(void)const " (?zIndex@WWebWidget@Wt@@UBEHXZ)
C:\Program Files\Wt 4.0.5 msvs2017 x64\lib\wthttpd.lib : warning LNK4272: library machine type 'x64' conflicts with target machine type 'x86'
C:\Program Files\Wt 4.0.5 msvs2017 x64\lib\wtd.lib : warning LNK4272: library machine type 'x64' conflicts with target machine type 'x86'
C:\Users\Joshua\Documents\GitHub\CSIT314\G-Rank Software Solutions\Debug\G-Rank Software Solutions.exe : fatal error LNK1120: 146 unresolved externals
