c:\users\joshua\documents\github\csit314\g-rank software solutions\g-rank software solutions\x64\debug\vc142.pdb
c:\users\joshua\documents\github\csit314\g-rank software solutions\g-rank software solutions\x64\debug\vc142.idb
c:\users\joshua\documents\github\csit314\g-rank software solutions\g-rank software solutions\x64\debug\usersession.obj
c:\users\joshua\documents\github\csit314\g-rank software solutions\g-rank software solutions\x64\debug\user.obj
c:\users\joshua\documents\github\csit314\g-rank software solutions\g-rank software solutions\x64\debug\specialist.obj
c:\users\joshua\documents\github\csit314\g-rank software solutions\g-rank software solutions\x64\debug\servicerequest.obj
c:\users\joshua\documents\github\csit314\g-rank software solutions\g-rank software solutions\x64\debug\reviews.obj
c:\users\joshua\documents\github\csit314\g-rank software solutions\g-rank software solutions\x64\debug\receipts.obj
c:\users\joshua\documents\github\csit314\g-rank software solutions\g-rank software solutions\x64\debug\main.obj
c:\users\joshua\documents\github\csit314\g-rank software solutions\g-rank software solutions\x64\debug\customer.obj
c:\users\joshua\documents\github\csit314\g-rank software solutions\g-rank software solutions\x64\debug\car.obj
c:\users\joshua\documents\github\csit314\g-rank software solutions\g-rank software solutions\x64\debug\administrator.obj
c:\users\joshua\documents\github\csit314\g-rank software solutions\x64\debug\g-rank software solutions.pdb
c:\users\joshua\documents\github\csit314\g-rank software solutions\g-rank software solutions\x64\debug\g-rank s.50d6d8f3.tlog\cl.command.1.tlog
c:\users\joshua\documents\github\csit314\g-rank software solutions\g-rank software solutions\x64\debug\g-rank s.50d6d8f3.tlog\cl.read.1.tlog
c:\users\joshua\documents\github\csit314\g-rank software solutions\g-rank software solutions\x64\debug\g-rank s.50d6d8f3.tlog\cl.write.1.tlog
c:\users\joshua\documents\github\csit314\g-rank software solutions\g-rank software solutions\x64\debug\g-rank s.50d6d8f3.tlog\link-cvtres.read.1.tlog
c:\users\joshua\documents\github\csit314\g-rank software solutions\g-rank software solutions\x64\debug\g-rank s.50d6d8f3.tlog\link-cvtres.write.1.tlog
c:\users\joshua\documents\github\csit314\g-rank software solutions\g-rank software solutions\x64\debug\g-rank s.50d6d8f3.tlog\link-rc.read.1.tlog
c:\users\joshua\documents\github\csit314\g-rank software solutions\g-rank software solutions\x64\debug\g-rank s.50d6d8f3.tlog\link-rc.write.1.tlog
c:\users\joshua\documents\github\csit314\g-rank software solutions\g-rank software solutions\x64\debug\g-rank s.50d6d8f3.tlog\link.command.1.tlog
c:\users\joshua\documents\github\csit314\g-rank software solutions\g-rank software solutions\x64\debug\g-rank s.50d6d8f3.tlog\link.read.1.tlog
c:\users\joshua\documents\github\csit314\g-rank software solutions\g-rank software solutions\x64\debug\g-rank s.50d6d8f3.tlog\link.write.1.tlog
